<?xml version="1.0" encoding="UTF-8"?>
<!-- Generated by org.testng.reporters.JUnitReportReporter -->
<testsuite hostname="PANKAJ21" failures="0" tests="1" name="kiteAppTest.KiteUserNameValidation" time="7.122" errors="0" timestamp="2022-04-01T18:41:55 IST" skipped="0">
  <testcase classname="kiteAppTest.KiteUserNameValidation" name="validateuUserName" time="7.122"/>
  <system-out>
    <![CDATA[Screenshoot taken form TC 100
validate userID]]>
  </system-out>
</testsuite> <!-- kiteAppTest.KiteUserNameValidation -->
